SF:lib/business_logic/user/user_state.dart
DA:4,1
DA:7,1
DA:8,1
DA:11,0
DA:12,0
DA:16,0
DA:18,0
DA:19,0
DA:23,1
DA:24,1
DA:27,0
DA:29,0
DA:30,0
LF:13
LH:5
end_of_record
SF:lib/business_logic/user/user_event.dart
DA:4,1
DA:8,0
DA:9,0
DA:13,0
DA:17,0
DA:18,0
DA:22,0
DA:25,0
DA:26,0
DA:30,0
DA:44,0
DA:45,0
DA:46,0
DA:47,0
DA:48,0
DA:49,0
DA:50,0
DA:51,0
DA:54,0
DA:56,0
DA:61,0
DA:62,0
DA:67,0
DA:68,0
LF:24
LH:1
end_of_record
SF:lib/business_logic/user/user_bloc.dart
DA:18,3
DA:19,2
DA:20,1
DA:22,0
DA:25,0
DA:27,0
DA:30,0
DA:33,1
DA:34,0
DA:36,0
DA:38,0
DA:39,0
DA:40,0
DA:42,0
DA:46,1
DA:47,0
DA:50,1
DA:55,0
DA:56,0
DA:57,0
DA:59,0
DA:60,0
DA:62,0
DA:71,1
DA:72,0
DA:74,0
DA:76,0
DA:77,0
DA:78,0
DA:80,0
DA:84,1
DA:85,0
DA:86,0
DA:87,0
LF:34
LH:8
end_of_record
SF:lib/main.dart
DA:19,0
DA:21,0
DA:22,0
DA:23,0
DA:24,0
DA:25,0
DA:26,0
DA:27,0
DA:28,0
DA:29,0
DA:30,0
DA:31,0
DA:37,0
DA:39,0
DA:41,0
DA:42,0
DA:44,0
DA:46,0
DA:48,0
DA:49,0
DA:50,0
DA:56,0
DA:58,0
DA:63,0
DA:68,0
DA:72,0
DA:73,0
DA:77,0
DA:79,0
DA:80,0
DA:81,0
DA:82,0
DA:83,0
DA:86,0
DA:88,0
DA:89,0
DA:90,0
DA:91,0
DA:92,0
DA:93,0
DA:94,0
DA:96,0
DA:97,0
LF:43
LH:0
end_of_record
SF:lib/utility/app_router.dart
DA:43,0
DA:44,0
DA:45,0
DA:46,0
DA:49,0
DA:52,0
DA:53,0
DA:54,0
DA:57,0
DA:60,0
DA:63,0
DA:64,0
DA:65,0
DA:67,0
DA:70,0
DA:73,0
DA:74,0
DA:75,0
DA:76,0
DA:79,0
DA:80,0
DA:81,0
DA:82,0
DA:83,0
DA:88,0
DA:89,0
DA:90,0
DA:91,0
DA:92,0
DA:94,0
DA:95,0
DA:96,0
DA:98,0
DA:99,0
DA:100,0
DA:102,0
DA:103,0
DA:108,0
DA:111,0
DA:112,0
DA:113,0
DA:114,0
DA:115,0
DA:116,0
DA:121,0
DA:122,0
DA:123,0
DA:124,0
DA:125,0
DA:128,0
DA:131,0
DA:134,0
DA:135,0
DA:136,0
DA:138,0
DA:139,0
DA:140,0
DA:144,0
DA:145,0
DA:146,0
DA:147,0
DA:150,0
DA:151,0
DA:152,0
DA:153,0
DA:154,0
DA:156,0
LF:67
LH:0
end_of_record
SF:lib/business_logic/add_property_bloc/add_property_state.dart
DA:4,0
DA:36,0
DA:53,0
DA:54,0
DA:56,0
DA:57,0
DA:58,0
DA:59,0
DA:60,0
DA:61,0
DA:62,0
DA:63,0
DA:64,0
DA:65,0
DA:66,0
DA:67,0
DA:68,0
DA:71,0
DA:72,0
DA:75,0
DA:78,0
DA:84,0
DA:85,0
DA:86,0
DA:87,0
DA:88,0
DA:89,0
DA:90,0
DA:91,0
DA:92,0
DA:93,0
DA:94,0
DA:95,0
DA:97,0
DA:98,0
DA:99,0
DA:100,0
DA:101,0
DA:104,0
DA:105,0
DA:106,0
DA:112,0
DA:113,0
DA:114,0
DA:115,0
DA:116,0
DA:117,0
DA:118,0
DA:119,0
DA:120,0
DA:121,0
DA:122,0
DA:123,0
DA:124,0
DA:125,0
DA:126,0
DA:127,0
LF:57
LH:0
end_of_record
SF:lib/business_logic/add_property_bloc/add_property_event.dart
DA:4,0
DA:6,0
DA:10,0
DA:14,0
DA:15,0
DA:19,0
DA:23,0
DA:24,0
DA:28,0
DA:32,0
DA:33,0
DA:37,0
DA:41,0
DA:42,0
DA:46,0
DA:50,0
DA:51,0
DA:55,0
DA:59,0
DA:60,0
DA:64,0
DA:69,0
DA:70,0
DA:74,0
DA:78,0
DA:79,0
DA:83,0
DA:87,0
DA:88,0
DA:92,0
DA:96,0
DA:97,0
DA:101,0
DA:105,0
DA:106,0
DA:109,0
DA:111,0
DA:112,0
DA:115,0
DA:119,0
DA:120,0
LF:41
LH:0
end_of_record
SF:lib/business_logic/add_property_bloc/add_property_bloc.dart
DA:19,0
DA:20,0
DA:23,0
DA:24,0
DA:26,0
DA:28,0
DA:31,0
DA:34,0
DA:35,0
DA:42,0
DA:43,0
DA:45,0
DA:46,0
DA:48,0
DA:49,0
DA:51,0
DA:52,0
DA:53,0
DA:56,0
DA:57,0
DA:58,0
DA:61,0
DA:62,0
DA:65,0
DA:66,0
DA:68,0
DA:69,0
DA:71,0
DA:72,0
DA:74,0
DA:75,0
DA:77,0
DA:78,0
DA:79,0
DA:80,0
DA:81,0
DA:83,0
DA:85,0
DA:87,0
DA:88,0
DA:89,0
DA:90,0
DA:91,0
DA:93,0
DA:95,0
LF:45
LH:0
end_of_record
SF:lib/data/models/special_attributes.dart
DA:2,0
DA:3,0
DA:7,0
DA:18,0
DA:19,0
DA:20,0
DA:21,0
DA:22,0
DA:23,0
DA:25,0
DA:26,0
DA:27,0
DA:28,0
DA:29,0
DA:31,0
DA:32,0
DA:33,0
DA:34,0
DA:35,0
DA:37,0
DA:43,0
DA:44,0
DA:45,0
DA:46,0
DA:47,0
DA:52,0
DA:65,0
DA:66,0
DA:67,0
DA:68,0
DA:69,0
DA:70,0
DA:71,0
DA:74,0
DA:75,0
DA:76,0
DA:77,0
DA:78,0
DA:79,0
DA:81,0
DA:82,0
DA:83,0
DA:84,0
DA:85,0
DA:86,0
DA:89,0
DA:96,0
DA:97,0
DA:98,0
DA:99,0
DA:100,0
DA:101,0
DA:106,0
DA:112,0
DA:113,0
DA:114,0
DA:117,0
DA:118,0
DA:119,0
DA:121,0
DA:122,0
DA:123,0
LF:62
LH:0
end_of_record
SF:lib/data/models/amenities_model.dart
DA:6,0
DA:7,0
DA:12,0
DA:16,0
DA:17,0
DA:18,0
DA:19,0
DA:30,0
DA:38,0
DA:39,0
DA:40,0
DA:41,0
DA:42,0
DA:43,0
DA:46,0
DA:47,0
DA:51,0
DA:54,0
DA:57,0
DA:58,0
LF:20
LH:0
end_of_record
SF:lib/data/models/country_and_city_model.dart
DA:3,0
DA:9,0
DA:13,0
DA:14,0
DA:26,0
DA:32,0
DA:33,0
DA:34,0
DA:35,0
DA:44,0
DA:49,0
DA:50,0
DA:51,0
DA:54,0
DA:55,0
DA:56,0
LF:16
LH:0
end_of_record
SF:lib/data/models/tags_model.dart
DA:7,0
DA:8,0
DA:13,0
DA:17,0
DA:18,0
DA:19,0
DA:20,0
DA:31,0
DA:40,0
DA:41,0
DA:42,0
DA:43,0
DA:44,0
DA:45,0
DA:46,0
DA:50,0
DA:51,0
DA:55,0
DA:58,0
DA:61,0
DA:62,0
LF:21
LH:0
end_of_record
SF:lib/utility/enums.dart
DA:40,0
DA:50,0
DA:60,0
DA:70,0
DA:76,0
DA:81,0
DA:87,0
DA:92,0
DA:98,0
DA:99,0
DA:100,0
DA:101,0
DA:102,0
DA:104,0
DA:106,0
DA:107,0
DA:110,0
DA:119,0
DA:121,0
DA:122,0
DA:123,0
LF:21
LH:0
end_of_record
SF:lib/business_logic/add_to_favorite/add_favorite_state.dart
DA:4,0
DA:7,0
DA:8,0
DA:14,0
DA:16,0
DA:17,0
DA:23,0
DA:26,0
DA:27,0
LF:9
LH:0
end_of_record
SF:lib/business_logic/add_to_favorite/add_favorite_event.dart
DA:4,0
DA:9,0
DA:12,0
DA:13,0
DA:19,0
DA:22,0
DA:23,0
LF:7
LH:0
end_of_record
SF:lib/business_logic/add_to_favorite/add_favorite_bloc.dart
DA:11,0
DA:12,0
DA:13,0
DA:16,0
DA:17,0
DA:18,0
DA:19,0
DA:21,0
DA:22,0
DA:24,0
DA:26,0
DA:29,0
DA:30,0
DA:32,0
DA:34,0
DA:35,0
DA:37,0
LF:17
LH:0
end_of_record
SF:lib/utility/network_helper.dart
DA:16,0
DA:18,0
DA:22,0
DA:23,0
DA:24,0
DA:29,0
DA:36,0
DA:42,0
DA:44,0
DA:45,0
DA:52,0
DA:53,0
DA:54,0
DA:56,0
DA:58,0
DA:60,0
DA:61,0
DA:62,0
DA:69,0
DA:71,0
DA:72,0
DA:73,0
DA:74,0
DA:77,0
DA:78,0
DA:79,0
DA:82,0
DA:83,0
DA:89,0
DA:98,0
DA:104,0
DA:106,0
DA:107,0
DA:112,0
DA:114,0
DA:116,0
DA:118,0
DA:119,0
DA:120,0
DA:121,0
DA:125,0
DA:127,0
DA:129,0
DA:130,0
DA:131,0
DA:138,0
DA:140,0
DA:141,0
DA:142,0
DA:143,0
DA:146,0
DA:147,0
DA:148,0
DA:151,0
DA:152,0
DA:157,0
DA:165,0
DA:171,0
DA:173,0
DA:174,0
DA:178,0
DA:180,0
DA:182,0
DA:184,0
DA:186,0
DA:187,0
DA:188,0
DA:195,0
DA:197,0
DA:198,0
DA:199,0
DA:200,0
DA:203,0
DA:204,0
DA:205,0
DA:208,0
DA:209,0
LF:77
LH:0
end_of_record
SF:lib/data/services/add_favorite_service.dart
DA:9,0
DA:12,0
DA:13,0
DA:17,0
DA:18,0
DA:23,0
DA:26,0
DA:28,0
DA:32,0
DA:33,0
LF:10
LH:0
end_of_record
SF:lib/business_logic/agency_promotion_status/agency_promotion_status_state.dart
DA:7,0
DA:8,0
DA:13,0
DA:16,0
DA:20,0
DA:21,0
DA:25,0
DA:26,0
DA:29,0
DA:33,0
DA:34,0
LF:11
LH:0
end_of_record
SF:lib/business_logic/agency_promotion_status/agency_promotion_status_event.dart
DA:9,0
DA:10,0
LF:2
LH:0
end_of_record
SF:lib/business_logic/agency_promotion_status/agency_promotion_status_bloc.dart
DA:11,0
DA:12,0
DA:13,0
DA:15,0
DA:18,0
DA:19,0
DA:21,0
LF:7
LH:0
end_of_record
SF:lib/data/services/promotion_status_service.dart
DA:10,0
DA:14,0
DA:18,0
DA:19,0
DA:22,0
DA:24,0
DA:26,0
LF:7
LH:0
end_of_record
SF:lib/business_logic/amenity_bloc/amenity_event.dart
DA:6,0
DA:10,0
DA:11,0
DA:15,0
DA:20,0
DA:21,0
LF:6
LH:0
end_of_record
SF:lib/business_logic/amenity_bloc/amenity_state.dart
DA:11,0
DA:15,0
DA:19,0
DA:20,0
DA:21,0
DA:25,0
DA:26,0
DA:30,0
DA:34,0
DA:35,0
LF:10
LH:0
end_of_record
SF:lib/business_logic/amenity_bloc/amenity_bloc.dart
DA:10,0
DA:11,0
DA:13,0
DA:14,0
DA:15,0
DA:19,0
DA:20,0
DA:21,0
DA:28,0
DA:30,0
DA:34,0
DA:35,0
DA:37,0
DA:38,0
DA:39,0
DA:41,0
DA:46,0
DA:49,0
DA:54,0
DA:55,0
DA:59,0
DA:66,0
DA:68,0
DA:72,0
DA:73,0
DA:75,0
DA:76,0
LF:27
LH:0
end_of_record
SF:lib/data/services/amenity_service.dart
DA:10,0
DA:13,0
DA:14,0
DA:15,0
DA:20,0
DA:22,0
DA:24,0
DA:25,0
DA:27,0
LF:9
LH:0
end_of_record
SF:lib/utility/constant_logic_validations.dart
DA:7,0
DA:8,0
DA:10,0
DA:16,0
DA:18,0
DA:19,0
DA:24,0
DA:25,0
DA:26,0
DA:27,0
LF:10
LH:0
end_of_record
SF:lib/business_logic/country_bloc/country_state.dart
DA:4,0
DA:8,0
DA:9,0
DA:13,0
DA:17,0
DA:18,0
DA:19,0
DA:20,0
DA:22,0
DA:25,0
DA:26,0
DA:28,0
DA:29,0
DA:30,0
DA:32,0
DA:33,0
DA:37,0
DA:40,0
DA:42,0
LF:19
LH:0
end_of_record
SF:lib/business_logic/country_bloc/country_event.dart
DA:4,0
DA:10,0
DA:11,0
LF:3
LH:0
end_of_record
SF:lib/business_logic/country_bloc/country_bloc.dart
DA:12,0
DA:14,0
DA:15,0
DA:17,0
DA:20,0
DA:21,0
DA:23,0
LF:7
LH:0
end_of_record
SF:lib/data/services/country_services.dart
DA:12,0
DA:16,0
DA:20,0
DA:21,0
DA:24,0
DA:26,0
DA:28,0
LF:7
LH:0
end_of_record
SF:lib/business_logic/edit_user_bloc/edit_user_state.dart
DA:4,0
DA:8,0
DA:9,0
DA:14,0
DA:15,0
DA:19,0
DA:21,0
DA:22,0
LF:8
LH:0
end_of_record
SF:lib/business_logic/edit_user_bloc/edit_user_event.dart
DA:4,0
DA:8,0
DA:24,0
DA:25,0
DA:26,0
DA:27,0
DA:28,0
DA:29,0
DA:30,0
DA:32,0
DA:36,0
DA:38,0
LF:12
LH:0
end_of_record
SF:lib/business_logic/edit_user_bloc/edit_user_bloc.dart
DA:18,0
DA:19,0
DA:20,0
DA:22,0
DA:24,0
DA:25,0
DA:28,0
DA:29,0
DA:30,0
DA:32,0
DA:33,0
DA:37,0
LF:12
LH:0
end_of_record
SF:lib/data/models/user_model.dart
DA:5,0
DA:7,0
DA:12,0
DA:17,0
DA:18,0
DA:21,0
DA:22,0
DA:30,0
DA:35,0
DA:39,0
DA:40,0
DA:41,0
DA:44,0
DA:45,0
DA:46,0
DA:49,0
DA:50,0
DA:51,0
DA:65,0
DA:75,0
DA:84,0
DA:85,0
DA:86,0
DA:87,0
DA:88,0
DA:89,0
DA:90,0
DA:91,0
DA:94,0
DA:95,0
DA:96,0
DA:97,0
DA:98,0
DA:99,0
DA:100,0
DA:101,0
DA:104,0
DA:105,0
DA:106,0
DA:107,0
DA:108,0
DA:109,0
DA:110,0
DA:111,0
LF:44
LH:0
end_of_record
SF:lib/data/models/user_model_local_storage.dart
DA:10,1
DA:11,1
DA:12,0
DA:16,0
DA:21,0
DA:22,0
DA:23,0
DA:24,0
DA:27,0
DA:28,0
DA:29,0
LF:11
LH:2
end_of_record
SF:lib/data/services/user_service.dart
DA:11,0
DA:12,0
DA:14,0
DA:17,0
DA:19,0
DA:21,0
DA:29,0
DA:30,0
DA:32,0
DA:36,0
DA:38,0
DA:41,0
DA:49,0
DA:50,0
DA:52,0
DA:53,0
DA:55,0
DA:58,0
DA:59,0
DA:61,0
DA:62,0
DA:63,0
DA:67,0
DA:69,0
DA:71,0
DA:78,0
DA:79,0
LF:27
LH:0
end_of_record
SF:lib/business_logic/get_nearby_properties/get_nearby_properties_state.dart
DA:4,0
DA:8,0
DA:9,0
DA:12,0
DA:13,0
DA:18,0
DA:22,0
DA:23,0
DA:28,0
DA:30,0
DA:31,0
LF:11
LH:0
end_of_record
SF:lib/business_logic/get_nearby_properties/get_nearby_properties_bloc.dart
DA:14,0
DA:16,0
DA:18,0
DA:20,0
DA:23,0
DA:24,0
DA:27,0
DA:28,0
DA:35,0
LF:9
LH:0
end_of_record
SF:lib/business_logic/get_nearby_properties/get_nearby_properties_event.dart
DA:4,0
DA:8,0
DA:13,0
DA:18,0
DA:19,0
DA:20,0
DA:21,0
DA:24,0
DA:25,0
LF:9
LH:0
end_of_record
SF:lib/data/models/properties_model.dart
DA:10,0
DA:11,0
DA:13,0
DA:14,0
DA:19,0
DA:23,0
DA:24,0
DA:26,0
DA:29,0
DA:30,0
DA:31,0
DA:32,0
DA:55,0
DA:74,0
DA:75,0
DA:76,0
DA:77,0
DA:78,0
DA:79,0
DA:80,0
DA:81,0
DA:82,0
DA:83,0
DA:84,0
DA:85,0
DA:86,0
DA:87,0
DA:88,0
DA:89,0
DA:90,0
DA:91,0
DA:92,0
DA:93,0
DA:95,0
DA:96,0
DA:98,0
DA:99,0
DA:101,0
DA:102,0
LF:39
LH:0
end_of_record
SF:lib/data/services/maps_services.dart
DA:12,0
DA:16,0
DA:17,0
DA:18,0
DA:19,0
DA:22,0
DA:23,0
DA:25,0
DA:26,0
DA:28,0
DA:30,0
DA:37,0
DA:40,0
DA:42,0
DA:44,0
LF:15
LH:0
end_of_record
SF:lib/business_logic/get_properties/get_all-properties_search_filter.dart
DA:6,0
DA:21,0
DA:29,0
DA:30,0
DA:31,0
DA:32,0
DA:33,0
DA:34,0
DA:35,0
DA:38,0
DA:39,0
DA:41,0
DA:42,0
DA:44,0
DA:45,0
DA:47,0
DA:48,0
DA:50,0
DA:51,0
DA:52,0
LF:20
LH:0
end_of_record
SF:lib/business_logic/get_properties/get_all_properties_bloc.dart
DA:19,0
DA:20,0
DA:21,0
DA:22,0
DA:23,0
DA:27,0
DA:28,0
DA:29,0
DA:36,0
DA:37,0
DA:38,0
DA:39,0
DA:43,0
DA:48,0
DA:49,0
DA:51,0
DA:52,0
DA:53,0
DA:54,0
DA:55,0
DA:62,0
DA:65,0
DA:70,0
DA:71,0
DA:75,0
DA:82,0
DA:84,0
DA:87,0
DA:90,0
DA:91,0
DA:93,0
DA:94,0
DA:96,0
LF:33
LH:0
end_of_record
SF:lib/business_logic/get_properties/get_all_properties_event.dart
DA:4,0
DA:8,0
DA:12,0
DA:13,0
DA:17,0
DA:22,0
DA:23,0
LF:7
LH:0
end_of_record
SF:lib/business_logic/get_properties/get_all_properties_state.dart
DA:4,0
DA:8,0
DA:9,0
DA:15,0
DA:19,0
DA:23,0
DA:24,0
DA:25,0
DA:29,0
DA:30,0
DA:34,0
DA:38,0
DA:39,0
LF:13
LH:0
end_of_record
SF:lib/data/services/get_all_property_service.dart
DA:9,0
DA:13,0
DA:15,0
DA:17,0
DA:22,0
DA:25,0
DA:26,0
DA:28,0
DA:34,0
DA:38,0
DA:40,0
DA:42,0
DA:47,0
DA:50,0
DA:51,0
DA:53,0
LF:16
LH:0
end_of_record
SF:lib/business_logic/google_maps/google_maps_state.dart
DA:9,0
DA:11,0
DA:12,0
DA:18,0
DA:19,0
LF:5
LH:0
end_of_record
SF:lib/business_logic/google_maps/google_maps_event.dart
DA:4,0
DA:8,0
DA:10,0
DA:11,0
DA:16,0
DA:17,0
LF:6
LH:0
end_of_record
SF:lib/business_logic/google_maps/google_maps_bloc.dart
DA:12,0
DA:14,0
DA:15,0
DA:17,0
DA:18,0
LF:5
LH:0
end_of_record
SF:lib/business_logic/notifications/notifications_state.dart
DA:13,0
DA:17,0
DA:21,0
DA:22,0
DA:23,0
DA:27,0
DA:28,0
DA:32,0
DA:36,0
DA:37,0
LF:10
LH:0
end_of_record
SF:lib/business_logic/notifications/notifications_event.dart
DA:6,0
DA:11,0
DA:12,0
DA:16,0
DA:20,0
DA:21,0
LF:6
LH:0
end_of_record
SF:lib/business_logic/notifications/notifications_bloc.dart
DA:15,0
DA:16,0
DA:18,0
DA:19,0
DA:21,0
DA:25,0
DA:26,0
DA:27,0
DA:35,0
DA:38,0
DA:42,0
DA:43,0
DA:45,0
DA:46,0
DA:47,0
DA:49,0
DA:54,0
DA:57,0
DA:62,0
DA:63,0
DA:67,0
DA:74,0
DA:76,0
DA:80,0
DA:81,0
DA:83,0
DA:85,0
LF:27
LH:0
end_of_record
SF:lib/data/models/notifications_model.dart
DA:9,0
DA:12,0
DA:16,0
DA:17,0
DA:29,0
DA:37,0
DA:38,0
DA:39,0
DA:40,0
DA:41,0
DA:42,0
DA:53,0
DA:60,0
DA:61,0
DA:62,0
DA:63,0
DA:64,0
DA:69,0
DA:72,0
DA:75,0
DA:76,0
LF:21
LH:0
end_of_record
SF:lib/data/services/notifications_service.dart
DA:10,0
DA:14,0
DA:15,0
DA:16,0
DA:18,0
DA:19,0
DA:21,0
DA:26,0
DA:28,0
DA:31,0
DA:32,0
DA:34,0
LF:12
LH:0
end_of_record
SF:lib/business_logic/promote_to_agency/promote_to_agency_state.dart
DA:2,0
DA:5,0
DA:6,0
DA:10,0
DA:11,0
DA:15,0
DA:18,0
DA:19,0
LF:8
LH:0
end_of_record
SF:lib/business_logic/promote_to_agency/promote_to_agency_event.dart
DA:4,0
DA:8,0
DA:14,0
DA:15,0
DA:17,0
DA:18,0
DA:19,0
DA:25,0
DA:26,0
LF:9
LH:0
end_of_record
SF:lib/business_logic/promote_to_agency/promote_to_agency_bloc.dart
DA:16,0
DA:17,0
DA:18,0
DA:22,0
DA:26,0
LF:5
LH:0
end_of_record
SF:lib/data/services/promote_to_agency_service.dart
DA:6,0
DA:8,0
DA:11,0
DA:12,0
DA:15,0
LF:5
LH:0
end_of_record
SF:lib/utility/endpoints.dart
DA:15,0
DA:16,0
DA:17,0
DA:32,0
LF:4
LH:0
end_of_record
SF:lib/business_logic/send_property_bloc/send_property_state.dart
DA:4,0
DA:8,0
DA:9,0
DA:13,0
DA:14,0
DA:18,0
DA:22,0
DA:23,0
LF:8
LH:0
end_of_record
SF:lib/business_logic/send_property_bloc/send_property_event.dart
DA:4,0
DA:9,0
DA:12,0
DA:13,0
LF:4
LH:0
end_of_record
SF:lib/business_logic/send_property_bloc/send_property_bloc.dart
DA:14,0
DA:15,0
DA:16,0
DA:18,0
DA:21,0
DA:22,0
DA:25,0
DA:26,0
DA:30,0
DA:35,0
LF:10
LH:0
end_of_record
SF:lib/data/services/add_property_service.dart
DA:7,0
DA:9,0
DA:12,0
DA:13,0
LF:4
LH:0
end_of_record
SF:lib/business_logic/tag_bloc/tag_bloc.dart
DA:10,0
DA:11,0
DA:13,0
DA:14,0
DA:15,0
DA:19,0
DA:20,0
DA:21,0
DA:28,0
DA:30,0
DA:34,0
DA:35,0
DA:37,0
DA:38,0
DA:39,0
DA:41,0
DA:46,0
DA:49,0
DA:54,0
DA:55,0
DA:59,0
DA:66,0
DA:68,0
DA:72,0
DA:73,0
DA:75,0
DA:76,0
LF:27
LH:0
end_of_record
SF:lib/business_logic/tag_bloc/tag_state.dart
DA:11,0
DA:15,0
DA:19,0
DA:20,0
DA:21,0
DA:25,0
DA:26,0
DA:30,0
DA:34,0
DA:35,0
LF:10
LH:0
end_of_record
SF:lib/business_logic/tag_bloc/tag_event.dart
DA:6,0
DA:10,0
DA:11,0
DA:15,0
DA:20,0
DA:21,0
LF:6
LH:0
end_of_record
SF:lib/data/services/tag_service.dart
DA:10,0
DA:13,0
DA:14,0
DA:15,0
DA:20,0
DA:22,0
DA:24,0
DA:25,0
DA:27,0
LF:9
LH:0
end_of_record
SF:lib/data/models/request_agency_promotion_status.dart
DA:3,0
DA:5,0
DA:13,0
DA:20,0
DA:21,0
DA:22,0
DA:23,0
DA:24,0
DA:27,0
DA:28,0
DA:29,0
DA:30,0
DA:31,0
DA:38,0
DA:42,0
DA:43,0
DA:46,0
DA:47,0
LF:18
LH:0
end_of_record
SF:lib/firebase/flutter_notifications.dart
DA:23,0
DA:31,0
DA:32,0
DA:33,0
DA:34,0
DA:35,0
DA:36,0
DA:37,0
DA:38,0
DA:39,0
DA:45,0
DA:46,0
DA:47,0
DA:49,0
DA:52,0
DA:53,0
DA:54,0
DA:56,0
DA:59,0
DA:68,0
DA:84,0
DA:85,0
DA:86,0
DA:87,0
DA:88,0
DA:90,0
DA:91,0
DA:92,0
DA:93,0
DA:94,0
DA:95,0
DA:96,0
DA:97,0
DA:98,0
DA:99,0
DA:103,0
LF:36
LH:0
end_of_record
SF:lib/utility/app_style.dart
DA:16,0
DA:22,0
DA:29,0
DA:31,0
DA:33,0
DA:89,0
DA:90,0
DA:94,0
DA:101,0
DA:102,0
DA:105,0
DA:106,0
LF:12
LH:0
end_of_record
SF:lib/presentation/map_screen/widgets/markers.dart
DA:13,0
DA:14,0
DA:17,0
DA:22,0
DA:25,0
DA:27,0
DA:29,0
DA:34,0
DA:35,0
DA:36,0
DA:37,0
DA:39,0
DA:40,0
DA:41,0
LF:14
LH:0
end_of_record
SF:lib/utility/app_bloc_observer.dart
DA:4,0
DA:6,0
DA:7,0
DA:10,0
DA:12,0
DA:13,0
DA:16,0
DA:18,0
DA:19,0
DA:22,0
DA:24,0
DA:25,0
LF:12
LH:0
end_of_record
SF:lib/presentation/about_us/about_us.dart
DA:6,1
DA:8,0
DA:9,0
DA:13,0
DA:15,0
DA:16,0
DA:17,0
DA:18,0
DA:20,0
DA:22,0
DA:23,0
DA:24,0
DA:31,0
DA:33,0
DA:34,0
DA:35,0
DA:36,0
DA:39,0
DA:40,0
DA:41,0
DA:42,0
DA:43,0
DA:46,0
DA:47,0
DA:48,0
DA:50,0
DA:52,0
DA:53,0
DA:54,0
DA:55,0
DA:57,0
DA:58,0
DA:59,0
DA:61,0
DA:63,0
DA:64,0
DA:65,0
DA:66,0
DA:69,0
DA:70,0
DA:71,0
LF:41
LH:1
end_of_record
SF:lib/presentation/add_property/add_property_home.dart
DA:24,1
DA:26,0
DA:27,0
DA:37,0
DA:38,0
DA:40,0
DA:43,0
DA:46,0
DA:49,0
DA:52,0
DA:55,0
DA:58,0
DA:61,0
DA:68,0
DA:69,0
DA:75,0
DA:76,0
DA:77,0
DA:78,0
DA:81,0
DA:83,0
DA:91,0
DA:92,0
DA:95,0
DA:97,0
DA:98,0
DA:99,0
DA:100,0
DA:101,0
DA:102,0
DA:105,0
DA:106,0
DA:108,0
DA:111,0
DA:115,0
DA:116,0
DA:117,0
DA:118,0
DA:121,0
DA:124,0
DA:127,0
DA:130,0
DA:133,0
DA:136,0
DA:139,0
DA:142,0
DA:143,0
DA:145,0
DA:146,0
DA:148,0
DA:161,0
DA:162,0
DA:164,0
DA:165,0
DA:166,0
DA:169,0
DA:171,0
DA:172,0
DA:173,0
DA:177,0
DA:178,0
LF:61
LH:1
end_of_record
SF:lib/presentation/add_property/screens/add_property_description.dart
DA:10,0
DA:11,0
DA:12,0
DA:18,0
DA:20,0
DA:21,0
DA:23,0
DA:25,0
DA:26,0
DA:28,0
DA:30,0
DA:31,0
DA:32,0
DA:33,0
DA:34,0
DA:35,0
DA:37,0
DA:38,0
DA:39,0
DA:40,0
DA:42,0
DA:43,0
DA:45,0
DA:46,0
DA:47,0
DA:48,0
LF:26
LH:0
end_of_record
SF:lib/presentation/add_property/screens/add_property_images.dart
DA:14,1
DA:16,0
DA:17,0
DA:27,0
DA:28,0
DA:29,0
DA:30,0
DA:31,0
DA:32,0
DA:34,0
DA:35,0
DA:38,0
DA:42,0
DA:43,0
DA:44,0
DA:45,0
DA:47,0
DA:48,0
DA:49,0
DA:51,0
DA:53,0
DA:54,0
DA:55,0
DA:59,0
DA:60,0
DA:61,0
DA:62,0
DA:65,0
DA:67,0
DA:68,0
DA:69,0
DA:71,0
DA:72,0
DA:73,0
DA:74,0
DA:75,0
DA:76,0
DA:78,0
DA:79,0
DA:80,0
DA:81,0
DA:83,0
DA:85,0
DA:86,0
DA:87,0
DA:88,0
DA:89,0
DA:91,0
DA:92,0
DA:94,0
DA:95,0
DA:96,0
DA:97,0
DA:98,0
DA:99,0
DA:101,0
DA:102,0
DA:104,0
DA:105,0
DA:106,0
DA:108,0
DA:109,0
DA:111,0
DA:112,0
DA:113,0
DA:114,0
LF:66
LH:1
end_of_record
SF:lib/presentation/add_property/screens/add_property_price_and_space.dart
DA:10,1
DA:12,0
DA:14,0
DA:21,0
DA:23,0
DA:25,0
DA:26,0
DA:29,0
DA:32,0
DA:34,0
DA:35,0
DA:37,0
DA:39,0
DA:40,0
DA:41,0
DA:42,0
DA:43,0
DA:44,0
DA:47,0
DA:48,0
DA:49,0
DA:50,0
DA:52,0
DA:53,0
DA:54,0
DA:55,0
DA:56,0
DA:57,0
DA:59,0
DA:60,0
DA:62,0
DA:63,0
DA:64,0
DA:65,0
DA:66,0
DA:67,0
DA:68,0
DA:69,0
DA:70,0
DA:72,0
DA:73,0
DA:75,0
DA:76,0
DA:79,0
DA:84,0
DA:85,0
DA:88,0
DA:89,0
DA:90,0
DA:91,0
DA:92,0
DA:93,0
DA:95,0
DA:96,0
DA:98,0
DA:99,0
DA:102,0
LF:57
LH:1
end_of_record
SF:lib/presentation/add_property/screens/add_property_title.dart
DA:9,0
DA:10,0
DA:11,0
DA:17,0
DA:19,0
DA:21,0
DA:23,0
DA:25,0
DA:26,0
DA:27,0
DA:29,0
DA:30,0
DA:31,0
DA:32,0
DA:33,0
DA:34,0
DA:36,0
DA:37,0
DA:38,0
DA:39,0
DA:41,0
DA:43,0
DA:44,0
DA:45,0
DA:46,0
DA:47,0
DA:49,0
DA:50,0
DA:52,0
DA:53,0
DA:54,0
DA:56,0
DA:57,0
LF:33
LH:0
end_of_record
SF:lib/presentation/add_property/screens/add_region.dart
DA:11,1
DA:13,0
DA:14,0
DA:19,0
DA:21,0
DA:23,0
DA:24,0
DA:27,0
DA:29,0
DA:31,0
DA:32,0
DA:34,0
DA:36,0
DA:37,0
DA:38,0
DA:39,0
DA:40,0
DA:41,0
DA:44,0
DA:45,0
DA:47,0
DA:49,0
DA:50,0
DA:52,0
DA:53,0
DA:54,0
DA:55,0
DA:57,0
DA:62,0
DA:63,0
DA:64,0
DA:65,0
DA:66,0
DA:67,0
DA:68,0
DA:73,0
DA:77,0
DA:82,0
DA:83,0
DA:84,0
DA:85,0
DA:86,0
DA:87,0
DA:88,0
DA:89,0
DA:97,0
DA:106,0
DA:107,0
DA:109,0
DA:111,0
DA:114,0
DA:115,0
DA:116,0
DA:117,0
DA:118,0
DA:119,0
DA:121,0
DA:126,0
DA:130,0
DA:131,0
DA:132,0
DA:137,0
DA:138,0
DA:139,0
DA:140,0
DA:141,0
DA:142,0
DA:143,0
DA:151,0
DA:152,0
LF:70
LH:1
end_of_record
SF:lib/presentation/add_property/screens/amenity/choose_amenities.dart
DA:7,1
DA:9,0
DA:11,0
DA:12,0
DA:13,0
DA:15,0
DA:16,0
DA:17,0
DA:18,0
DA:19,0
DA:20,0
DA:23,0
DA:24,0
DA:25,0
DA:26,0
DA:28,0
DA:29,0
DA:30,0
DA:32,0
DA:33,0
LF:20
LH:1
end_of_record
SF:lib/presentation/add_property/screens/choose_attributes/choose_property_type_attributes.dart
DA:13,1
DA:15,0
DA:17,0
DA:22,0
DA:27,0
DA:29,0
DA:32,0
DA:34,0
DA:35,0
DA:36,0
DA:38,0
DA:39,0
DA:40,0
DA:41,0
DA:42,0
DA:43,0
DA:46,0
DA:47,0
DA:48,0
DA:49,0
DA:51,0
DA:52,0
DA:54,0
DA:55,0
DA:56,0
DA:57,0
DA:58,0
DA:59,0
DA:61,0
DA:62,0
DA:64,0
DA:65,0
DA:66,0
DA:68,0
DA:69,0
DA:70,0
DA:74,0
DA:75,0
DA:76,0
DA:80,0
DA:81,0
DA:82,0
DA:97,0
DA:98,0
LF:44
LH:1
end_of_record
SF:lib/presentation/add_property/screens/choose_service.dart
DA:10,1
DA:12,0
DA:13,0
DA:17,0
DA:20,0
DA:21,0
DA:22,0
DA:24,0
DA:25,0
DA:26,0
DA:27,0
DA:28,0
DA:29,0
DA:32,0
DA:33,0
DA:34,0
DA:35,0
DA:37,0
DA:38,0
LF:19
LH:1
end_of_record
SF:lib/presentation/add_property/screens/tag/choose_tags.dart
DA:7,1
DA:10,0
DA:11,0
DA:15,0
DA:17,0
DA:18,0
DA:19,0
DA:21,0
DA:22,0
DA:23,0
DA:24,0
DA:25,0
DA:26,0
DA:28,0
DA:29,0
DA:30,0
DA:31,0
DA:33,0
DA:34,0
LF:19
LH:1
end_of_record
SF:lib/presentation/add_property/screens/choose_type.dart
DA:8,1
DA:10,0
DA:11,0
DA:15,0
DA:17,0
DA:18,0
DA:19,0
DA:21,0
DA:22,0
DA:23,0
DA:24,0
DA:25,0
DA:26,0
DA:29,0
DA:30,0
DA:31,0
DA:32,0
DA:34,0
DA:35,0
LF:19
LH:1
end_of_record
SF:lib/presentation/add_property/screens/pin_google_map_screen/GoogleMapsScreen.dart
DA:14,1
DA:16,0
DA:17,0
DA:21,0
DA:28,0
DA:30,0
DA:32,0
DA:35,0
DA:37,0
DA:38,0
DA:39,0
DA:40,0
DA:42,0
DA:43,0
DA:44,0
DA:47,0
DA:52,0
DA:55,0
DA:56,0
DA:58,0
DA:61,0
DA:62,0
DA:63,0
DA:64,0
DA:66,0
DA:71,0
DA:72,0
DA:73,0
DA:76,0
DA:77,0
DA:80,0
DA:83,0
DA:86,0
DA:87,0
DA:90,0
DA:91,0
DA:92,0
DA:93,0
DA:94,0
DA:95,0
DA:97,0
DA:100,0
DA:102,0
DA:103,0
DA:106,0
DA:108,0
DA:109,0
DA:110,0
DA:113,0
DA:114,0
DA:115,0
DA:116,0
DA:118,0
DA:119,0
DA:120,0
DA:121,0
DA:123,0
DA:125,0
DA:126,0
DA:127,0
DA:128,0
DA:129,0
DA:131,0
DA:132,0
DA:137,0
DA:138,0
DA:140,0
DA:141,0
DA:145,0
DA:146,0
DA:147,0
DA:149,0
DA:150,0
DA:152,0
DA:153,0
DA:154,0
DA:155,0
DA:157,0
DA:159,0
DA:166,0
DA:168,0
DA:169,0
DA:170,0
DA:171,0
DA:172,0
LF:85
LH:1
end_of_record
SF:lib/presentation/add_property/screens/submit_property.dart
DA:5,0
DA:7,0
DA:8,0
DA:12,0
LF:4
LH:0
end_of_record
SF:lib/presentation/add_property/widgets/add_property_bottom_navigator.dart
DA:10,0
DA:17,0
DA:24,0
DA:26,0
DA:27,0
DA:28,0
DA:30,0
DA:31,0
DA:32,0
DA:33,0
DA:34,0
DA:35,0
DA:36,0
DA:38,0
DA:39,0
DA:40,0
DA:41,0
DA:45,0
DA:46,0
DA:47,0
DA:48,0
DA:49,0
DA:50,0
DA:55,0
DA:56,0
DA:58,0
DA:59,0
DA:60,0
DA:61,0
LF:29
LH:0
end_of_record
SF:lib/presentation/global_widgets/dialogs_widgets/dialogs_yes_no.dart
DA:10,0
DA:23,0
DA:24,0
DA:26,0
DA:29,0
DA:30,0
DA:31,0
DA:33,0
DA:38,0
DA:39,0
DA:40,0
DA:42,0
DA:43,0
DA:44,0
DA:45,0
DA:48,0
DA:49,0
DA:51,0
DA:52,0
DA:53,0
DA:60,0
DA:61,0
DA:63,0
DA:64,0
DA:73,0
DA:75,0
DA:80,0
DA:88,0
DA:89,0
DA:91,0
DA:94,0
DA:95,0
DA:96,0
DA:98,0
DA:103,0
DA:104,0
DA:105,0
DA:107,0
DA:108,0
DA:109,0
DA:110,0
DA:112,0
DA:114,0
DA:115,0
DA:116,0
DA:117,0
DA:118,0
DA:120,0
DA:122,0
DA:123,0
DA:126,0
DA:128,0
DA:129,0
DA:130,0
DA:131,0
DA:134,0
DA:139,0
DA:141,0
DA:142,0
DA:143,0
DA:144,0
DA:145,0
DA:146,0
DA:147,0
DA:149,0
DA:158,0
DA:159,0
DA:161,0
DA:163,0
DA:164,0
DA:166,0
DA:167,0
DA:168,0
DA:169,0
DA:172,0
DA:173,0
DA:175,0
DA:177,0
DA:192,0
DA:194,0
DA:200,0
DA:201,0
DA:202,0
DA:204,0
DA:207,0
DA:208,0
DA:209,0
DA:211,0
DA:216,0
DA:217,0
DA:218,0
DA:220,0
DA:221,0
DA:222,0
DA:223,0
DA:225,0
DA:226,0
DA:227,0
DA:228,0
DA:229,0
DA:232,0
DA:233,0
DA:235,0
DA:236,0
DA:237,0
DA:246,0
DA:248,0
DA:254,0
DA:255,0
DA:256,0
DA:258,0
DA:261,0
DA:262,0
DA:263,0
DA:265,0
DA:270,0
DA:271,0
DA:272,0
DA:275,0
DA:276,0
DA:277,0
DA:278,0
DA:281,0
DA:282,0
DA:284,0
DA:285,0
DA:287,0
DA:288,0
DA:291,0
DA:294,0
DA:295,0
DA:297,0
DA:299,0
DA:300,0
DA:301,0
DA:310,0
DA:312,0
DA:318,0
DA:319,0
DA:321,0
DA:322,0
DA:323,0
DA:324,0
DA:325,0
DA:327,0
DA:328,0
DA:329,0
DA:330,0
DA:333,0
DA:334,0
DA:342,0
DA:343,0
DA:347,0
DA:355,0
DA:356,0
DA:360,0
DA:361,0
DA:362,0
DA:363,0
DA:364,0
LF:160
LH:0
end_of_record
SF:lib/presentation/add_property/widgets/add_title_text_field.dart
DA:8,0
DA:13,0
DA:17,0
DA:20,0
DA:21,0
DA:22,0
DA:23,0
DA:24,0
DA:25,0
DA:27,0
DA:31,0
DA:35,0
DA:39,0
DA:40,0
DA:43,0
DA:44,0
LF:16
LH:0
end_of_record
SF:lib/presentation/add_property/widgets/custom_elevated_button.dart
DA:6,0
DA:7,0
DA:12,0
DA:14,0
DA:15,0
DA:16,0
DA:17,0
DA:20,0
DA:24,0
DA:25,0
DA:27,0
DA:28,0
DA:29,0
DA:35,0
DA:36,0
DA:37,0
DA:38,0
DA:39,0
LF:18
LH:0
end_of_record
SF:lib/presentation/add_property/widgets/images_list.dart
DA:11,0
DA:12,0
DA:16,0
DA:17,0
DA:21,0
DA:23,0
DA:24,0
DA:25,0
DA:26,0
DA:27,0
DA:35,0
DA:36,0
DA:37,0
DA:38,0
DA:39,0
DA:40,0
DA:41,0
DA:42,0
DA:43,0
DA:44,0
DA:45,0
DA:46,0
DA:51,0
DA:52,0
DA:53,0
DA:54,0
DA:59,0
DA:62,0
DA:63,0
DA:64,0
DA:65,0
LF:31
LH:0
end_of_record
SF:lib/presentation/add_property/widgets/custstom_insert_number_field.dart
DA:7,0
DA:14,0
DA:22,0
DA:24,0
DA:29,0
DA:31,0
DA:32,0
DA:35,0
DA:37,0
DA:38,0
DA:39,0
DA:40,0
DA:43,0
DA:47,0
DA:49,0
DA:50,0
DA:51,0
DA:52,0
DA:57,0
DA:59,0
DA:69,0
DA:70,0
DA:71,0
DA:74,0
DA:78,0
DA:84,0
DA:85,0
DA:105,0
DA:106,0
DA:107,0
DA:109,0
DA:110,0
DA:112,0
DA:113,0
LF:34
LH:0
end_of_record
SF:lib/presentation/global_widgets/shimmer.dart
DA:10,0
DA:11,0
DA:13,0
DA:15,0
DA:16,0
DA:17,0
DA:18,0
DA:20,0
DA:21,0
DA:22,0
DA:24,0
DA:25,0
LF:12
LH:0
end_of_record
SF:lib/presentation/add_property/screens/amenity/widget/custom_amenity_grid.dart
DA:15,1
DA:16,0
DA:17,0
DA:23,0
DA:25,0
DA:26,0
DA:27,0
DA:28,0
DA:29,0
DA:30,0
DA:35,0
DA:38,0
DA:40,0
DA:41,0
DA:42,0
DA:43,0
DA:44,0
DA:45,0
DA:46,0
DA:47,0
DA:54,0
DA:55,0
DA:56,0
DA:58,0
DA:59,0
DA:63,0
DA:64,0
DA:72,0
DA:73,0
DA:76,0
DA:77,0
DA:78,0
DA:79,0
DA:80,0
DA:91,0
DA:93,0
DA:95,0
DA:96,0
DA:98,0
DA:99,0
DA:101,0
DA:102,0
DA:104,0
DA:105,0
DA:106,0
DA:107,0
DA:108,0
DA:111,0
DA:112,0
DA:116,0
DA:118,0
DA:119,0
DA:120,0
DA:121,0
DA:122,0
DA:123,0
DA:126,0
DA:127,0
DA:128,0
DA:129,0
DA:130,0
DA:131,0
DA:132,0
DA:133,0
DA:137,0
DA:138,0
DA:139,0
DA:140,0
LF:68
LH:1
end_of_record
SF:lib/presentation/global_widgets/elevated_button_widget.dart
DA:5,0
DA:13,0
DA:22,0
DA:24,0
DA:25,0
DA:26,0
DA:27,0
DA:30,0
DA:31,0
DA:32,0
DA:33,0
DA:36,0
DA:40,0
DA:41,0
DA:48,0
DA:49,0
DA:54,0
DA:55,0
DA:56,0
LF:19
LH:0
end_of_record
SF:lib/presentation/global_widgets/somthing_wrong.dart
DA:7,0
DA:14,0
DA:19,0
DA:21,0
DA:22,0
DA:24,0
DA:25,0
DA:26,0
DA:29,0
DA:30,0
DA:31,0
DA:32,0
DA:33,0
DA:34,0
DA:38,0
DA:39,0
DA:40,0
DA:41,0
DA:42,0
DA:43,0
DA:44,0
DA:45,0
DA:49,0
DA:50,0
DA:51,0
DA:52,0
DA:53,0
DA:58,0
DA:59,0
DA:60,0
DA:61,0
DA:63,0
LF:32
LH:0
end_of_record
SF:lib/presentation/add_property/screens/choose_attributes/widgets/agricaltural_types.dart
DA:9,0
DA:11,0
DA:14,0
DA:16,0
DA:17,0
DA:18,0
DA:20,0
DA:21,0
DA:22,0
DA:25,0
DA:26,0
DA:27,0
DA:30,0
DA:31,0
DA:33,0
DA:36,0
DA:37,0
DA:39,0
DA:40,0
DA:42,0
LF:20
LH:0
end_of_record
SF:lib/presentation/add_property/screens/choose_attributes/widgets/commercial_types.dart
DA:10,0
DA:12,0
DA:15,0
DA:17,0
DA:18,0
DA:19,0
DA:21,0
DA:22,0
DA:23,0
DA:24,0
DA:25,0
DA:26,0
DA:29,0
DA:30,0
DA:31,0
DA:32,0
DA:33,0
DA:37,0
DA:39,0
DA:40,0
DA:41,0
DA:42,0
DA:43,0
DA:45,0
DA:46,0
DA:47,0
DA:50,0
DA:51,0
DA:52,0
DA:53,0
DA:54,0
DA:58,0
DA:60,0
DA:61,0
DA:62,0
DA:63,0
DA:64,0
DA:65,0
DA:68,0
DA:69,0
DA:70,0
DA:71,0
DA:72,0
LF:43
LH:0
end_of_record
SF:lib/presentation/add_property/screens/choose_attributes/widgets/residential_types.dart
DA:9,0
DA:11,0
DA:14,0
DA:16,0
DA:17,0
DA:18,0
DA:20,0
DA:21,0
DA:22,0
DA:23,0
DA:24,0
DA:26,0
DA:27,0
DA:28,0
DA:31,0
DA:32,0
DA:33,0
DA:34,0
DA:35,0
DA:39,0
DA:41,0
DA:42,0
DA:43,0
DA:44,0
DA:45,0
DA:46,0
DA:49,0
DA:50,0
DA:51,0
DA:52,0
DA:53,0
DA:57,0
DA:59,0
DA:60,0
DA:61,0
DA:62,0
DA:63,0
DA:64,0
DA:67,0
DA:68,0
DA:69,0
DA:70,0
DA:71,0
DA:75,0
DA:77,0
DA:78,0
DA:80,0
DA:81,0
DA:82,0
DA:83,0
DA:86,0
DA:88,0
DA:89,0
DA:90,0
DA:91,0
LF:55
LH:0
end_of_record
SF:lib/presentation/add_property/screens/choose_attributes/widgets/one_attribute.dart
DA:7,0
DA:13,0
DA:19,0
DA:21,0
DA:22,0
DA:23,0
DA:27,0
DA:28,0
DA:29,0
DA:31,0
DA:32,0
DA:33,0
DA:34,0
DA:35,0
DA:38,0
DA:40,0
DA:41,0
DA:43,0
DA:45,0
DA:46,0
DA:47,0
DA:48,0
DA:49,0
DA:53,0
DA:55,0
LF:25
LH:0
end_of_record
SF:lib/presentation/add_property/widgets/rounded_elevated_button.dart
DA:6,0
DA:14,0
DA:21,0
DA:23,0
DA:24,0
DA:25,0
DA:26,0
DA:28,0
DA:29,0
DA:31,0
DA:39,0
DA:40,0
DA:41,0
DA:42,0
DA:43,0
LF:15
LH:0
end_of_record
SF:lib/presentation/add_property/widgets/service_list.dart
DA:11,1
DA:13,0
DA:14,0
DA:29,0
DA:31,0
DA:32,0
DA:34,0
DA:42,0
DA:43,0
DA:44,0
DA:45,0
DA:46,0
DA:48,0
DA:49,0
DA:50,0
DA:51,0
DA:52,0
DA:53,0
DA:56,0
DA:57,0
DA:58,0
DA:62,0
DA:64,0
DA:65,0
DA:66,0
DA:67,0
DA:69,0
DA:70,0
DA:73,0
DA:74,0
DA:75,0
DA:76,0
DA:77,0
DA:78,0
DA:79,0
DA:83,0
DA:84,0
DA:85,0
DA:86,0
DA:92,0
DA:93,0
DA:94,0
DA:95,0
LF:43
LH:1
end_of_record
SF:lib/presentation/add_property/widgets/types_list.dart
DA:11,1
DA:13,0
DA:14,0
DA:29,0
DA:31,0
DA:32,0
DA:34,0
DA:42,0
DA:43,0
DA:44,0
DA:45,0
DA:46,0
DA:48,0
DA:49,0
DA:50,0
DA:51,0
DA:52,0
DA:55,0
DA:56,0
DA:60,0
DA:62,0
DA:63,0
DA:64,0
DA:65,0
DA:67,0
DA:68,0
DA:71,0
DA:72,0
DA:73,0
DA:74,0
DA:75,0
DA:76,0
DA:77,0
DA:81,0
DA:82,0
DA:83,0
DA:84,0
DA:90,0
DA:91,0
DA:92,0
DA:93,0
LF:41
LH:1
end_of_record
SF:lib/presentation/add_property/screens/tag/widgets/custom_tag_grid.dart
DA:15,1
DA:17,0
DA:18,0
DA:24,0
DA:26,0
DA:27,0
DA:28,0
DA:29,0
DA:30,0
DA:31,0
DA:36,0
DA:39,0
DA:41,0
DA:42,0
DA:43,0
DA:44,0
DA:45,0
DA:46,0
DA:47,0
DA:48,0
DA:49,0
DA:50,0
DA:57,0
DA:58,0
DA:59,0
DA:61,0
DA:62,0
DA:66,0
DA:67,0
DA:75,0
DA:76,0
DA:79,0
DA:80,0
DA:81,0
DA:82,0
DA:83,0
DA:94,0
DA:97,0
DA:99,0
DA:100,0
DA:102,0
DA:103,0
DA:104,0
DA:106,0
DA:107,0
DA:108,0
DA:109,0
DA:110,0
DA:113,0
DA:114,0
DA:118,0
DA:120,0
DA:121,0
DA:122,0
DA:123,0
DA:124,0
DA:125,0
DA:128,0
DA:129,0
DA:130,0
DA:131,0
DA:132,0
DA:133,0
DA:134,0
DA:135,0
DA:139,0
DA:140,0
DA:141,0
DA:142,0
LF:69
LH:1
end_of_record
SF:lib/presentation/add_property/welcome_step.dart
DA:13,2
DA:15,0
DA:16,0
DA:20,0
DA:22,0
DA:23,0
DA:24,0
DA:26,0
DA:27,0
DA:28,0
DA:29,0
DA:30,0
DA:31,0
DA:33,0
DA:34,0
DA:35,0
DA:36,0
DA:41,0
DA:42,0
DA:43,0
DA:44,0
DA:45,0
DA:47,0
DA:48,0
DA:49,0
DA:50,0
DA:55,0
DA:57,0
DA:58,0
DA:67,0
DA:68,0
DA:69,0
DA:70,0
DA:74,0
DA:75,0
DA:76,0
DA:77,0
DA:78,0
DA:79,0
DA:83,0
DA:84,0
DA:85,0
DA:87,0
DA:88,0
DA:94,0
LF:45
LH:1
end_of_record
SF:lib/presentation/add_property/widgets/progress_bar.dart
DA:12,0
DA:17,0
DA:19,0
DA:21,0
DA:22,0
DA:24,0
DA:27,0
LF:7
LH:0
end_of_record
SF:lib/presentation/bottom_nav_bar/bottom_nav_bar.dart
DA:13,1
DA:15,0
DA:16,0
DA:25,0
DA:27,0
DA:28,0
DA:29,0
DA:30,0
DA:33,0
DA:35,0
DA:37,0
DA:39,0
DA:41,0
DA:42,0
DA:43,0
DA:49,0
DA:52,0
DA:53,0
DA:54,0
DA:55,0
DA:58,0
DA:62,0
DA:63,0
DA:66,0
DA:70,0
DA:71,0
DA:74,0
DA:78,0
DA:79,0
DA:82,0
DA:86,0
DA:87,0
DA:90,0
DA:97,0
DA:100,0
DA:101,0
DA:103,0
DA:106,0
DA:110,0
DA:111,0
DA:112,0
DA:121,0
DA:122,0
DA:123,0
DA:124,0
DA:126,0
DA:128,0
LF:47
LH:1
end_of_record
SF:lib/presentation/bottom_nav_bar/widgets/CustomNavigatorWidget.dart
DA:9,0
DA:14,0
DA:20,0
DA:22,0
DA:23,0
DA:24,0
DA:25,0
DA:26,0
DA:28,0
DA:32,0
DA:34,0
DA:35,0
DA:36,0
LF:13
LH:0
end_of_record
SF:lib/presentation/bottom_nav_bar/widgets/bottom_nav_bar_screens.dart
DA:11,0
DA:12,0
DA:15,0
DA:17,0
DA:18,0
DA:19,0
DA:22,0
DA:23,0
DA:24,0
DA:28,0
DA:31,0
LF:11
LH:0
end_of_record
SF:lib/presentation/explore/explore.dart
DA:24,2
DA:26,0
DA:27,0
DA:44,0
DA:46,0
DA:47,0
DA:48,0
DA:49,0
DA:50,0
DA:51,0
DA:52,0
DA:57,0
DA:60,0
DA:61,0
DA:62,0
DA:66,0
DA:68,0
DA:69,0
DA:71,0
DA:72,0
DA:73,0
DA:74,0
DA:75,0
DA:76,0
DA:79,0
DA:80,0
DA:83,0
DA:84,0
DA:85,0
DA:86,0
DA:88,0
DA:91,0
DA:94,0
DA:96,0
DA:98,0
DA:99,0
DA:100,0
DA:102,0
DA:103,0
DA:108,0
DA:110,0
DA:112,0
DA:113,0
DA:114,0
DA:115,0
DA:116,0
DA:125,0
DA:133,0
DA:134,0
DA:135,0
DA:136,0
DA:137,0
DA:140,0
DA:145,0
DA:146,0
DA:147,0
DA:148,0
DA:157,0
DA:165,0
DA:167,0
DA:168,0
DA:169,0
DA:188,0
DA:189,0
DA:190,0
DA:192,0
DA:193,0
DA:194,0
DA:195,0
DA:196,0
DA:197,0
DA:198,0
DA:199,0
DA:200,0
DA:204,0
DA:205,0
DA:206,0
DA:209,0
DA:211,0
DA:212,0
DA:217,0
DA:218,0
DA:219,0
DA:220,0
DA:222,0
DA:223,0
DA:224,0
DA:225,0
DA:229,0
DA:230,0
DA:232,0
DA:233,0
DA:240,0
DA:241,0
DA:242,0
DA:243,0
DA:244,0
DA:248,0
DA:249,0
DA:251,0
DA:252,0
DA:259,0
DA:261,0
DA:263,0
DA:265,0
DA:266,0
DA:270,0
DA:271,0
DA:272,0
DA:274,0
DA:275,0
DA:278,0
DA:280,0
DA:283,0
DA:286,0
DA:287,0
DA:288,0
DA:289,0
DA:290,0
DA:291,0
DA:292,0
DA:294,0
DA:295,0
DA:296,0
DA:297,0
DA:298,0
DA:300,0
DA:302,0
DA:304,0
DA:307,0
DA:309,0
DA:310,0
DA:311,0
DA:312,0
DA:313,0
DA:315,0
DA:317,0
DA:319,0
DA:322,0
DA:323,0
DA:324,0
DA:325,0
DA:326,0
DA:327,0
DA:328,0
DA:331,0
DA:333,0
DA:334,0
DA:337,0
DA:338,0
DA:339,0
DA:340,0
DA:341,0
DA:342,0
DA:343,0
DA:347,0
DA:349,0
DA:350,0
DA:363,0
DA:364,0
DA:375,0
DA:376,0
DA:377,0
DA:378,0
DA:382,0
DA:383,0
DA:384,0
DA:386,0
DA:387,0
DA:388,0
DA:389,0
DA:390,0
DA:391,0
DA:392,0
DA:395,0
DA:403,0
DA:404,0
LF:177
LH:1
end_of_record
SF:lib/presentation/more/more_screen.dart
DA:15,2
DA:17,0
DA:18,0
DA:25,0
DA:28,0
DA:29,0
DA:30,0
DA:32,0
DA:33,0
DA:34,0
DA:35,0
DA:36,0
DA:38,0
DA:40,0
DA:41,0
DA:42,0
DA:44,0
DA:45,0
DA:46,0
DA:47,0
DA:48,0
DA:49,0
DA:50,0
DA:51,0
DA:52,0
DA:54,0
DA:55,0
DA:56,0
DA:58,0
DA:59,0
DA:60,0
DA:61,0
DA:63,0
DA:64,0
DA:66,0
DA:67,0
DA:68,0
DA:69,0
DA:74,0
DA:76,0
DA:77,0
DA:78,0
DA:80,0
DA:81,0
DA:82,0
DA:83,0
DA:90,0
DA:91,0
DA:98,0
DA:99,0
DA:100,0
DA:101,0
DA:102,0
DA:104,0
DA:105,0
DA:112,0
DA:113,0
DA:114,0
DA:116,0
DA:117,0
DA:122,0
DA:123,0
DA:124,0
DA:125,0
DA:126,0
DA:128,0
DA:129,0
DA:130,0
DA:131,0
DA:141,0
DA:143,0
DA:144,0
DA:145,0
DA:148,0
DA:150,0
DA:151,0
DA:152,0
DA:155,0
DA:156,0
DA:157,0
DA:159,0
DA:160,0
DA:161,0
DA:165,0
DA:166,0
DA:167,0
DA:169,0
DA:170,0
DA:171,0
DA:176,0
DA:177,0
DA:179,0
DA:180,0
DA:181,0
DA:184,0
DA:185,0
DA:187,0
DA:188,0
DA:189,0
DA:193,0
DA:194,0
DA:195,0
DA:197,0
DA:199,0
DA:200,0
DA:205,0
DA:206,0
DA:207,0
DA:209,0
DA:210,0
LF:110
LH:1
end_of_record
SF:lib/presentation/map_screen/map_screen.dart
DA:17,1
DA:19,0
DA:20,0
DA:34,0
DA:36,0
DA:39,0
DA:41,0
DA:42,0
DA:45,0
DA:46,0
DA:47,0
DA:48,0
DA:49,0
DA:55,0
DA:56,0
DA:57,0
DA:58,0
DA:59,0
DA:60,0
DA:61,0
DA:62,0
DA:63,0
DA:64,0
DA:65,0
DA:66,0
DA:67,0
DA:72,0
DA:73,0
DA:74,0
DA:75,0
DA:76,0
DA:77,0
DA:78,0
DA:83,0
DA:86,0
DA:89,0
DA:91,0
DA:92,0
DA:93,0
DA:94,0
DA:98,0
DA:108,0
DA:109,0
DA:116,0
DA:118,0
DA:119,0
DA:120,0
DA:121,0
DA:123,0
DA:124,0
DA:125,0
DA:128,0
DA:129,0
DA:131,0
DA:132,0
DA:140,0
DA:141,0
DA:142,0
DA:143,0
DA:144,0
DA:145,0
DA:152,0
DA:153,0
DA:154,0
DA:155,0
DA:156,0
DA:157,0
DA:158,0
DA:159,0
DA:160,0
DA:165,0
DA:167,0
DA:168,0
DA:172,0
DA:173,0
DA:174,0
DA:175,0
DA:176,0
DA:177,0
DA:178,0
DA:179,0
DA:180,0
DA:181,0
DA:182,0
DA:193,0
DA:194,0
DA:195,0
DA:196,0
DA:197,0
DA:198,0
DA:199,0
DA:200,0
DA:201,0
DA:202,0
DA:203,0
DA:213,0
DA:214,0
DA:215,0
DA:216,0
DA:217,0
LF:100
LH:1
end_of_record
SF:lib/presentation/edit_profile/edit_profile.dart
DA:15,1
DA:17,0
DA:18,0
DA:22,0
DA:33,0
DA:34,0
DA:35,0
DA:36,0
DA:40,0
DA:41,0
DA:44,0
DA:46,0
DA:53,0
DA:55,0
DA:56,0
DA:57,0
DA:58,0
DA:59,0
DA:60,0
DA:61,0
DA:63,0
DA:66,0
DA:69,0
DA:71,0
DA:74,0
DA:75,0
DA:76,0
DA:77,0
DA:86,0
DA:88,0
DA:89,0
DA:90,0
DA:91,0
DA:92,0
DA:93,0
DA:95,0
DA:100,0
DA:102,0
DA:104,0
DA:105,0
DA:106,0
DA:113,0
DA:115,0
DA:116,0
DA:117,0
DA:118,0
DA:121,0
DA:122,0
DA:123,0
DA:124,0
DA:125,0
DA:126,0
DA:127,0
DA:128,0
DA:129,0
DA:130,0
DA:131,0
DA:134,0
DA:135,0
DA:136,0
DA:137,0
DA:138,0
DA:143,0
DA:144,0
DA:146,0
DA:149,0
DA:150,0
DA:151,0
DA:152,0
DA:153,0
DA:160,0
DA:161,0
DA:178,0
DA:181,0
DA:182,0
DA:184,0
DA:185,0
DA:187,0
DA:188,0
DA:189,0
DA:190,0
DA:191,0
DA:193,0
DA:196,0
DA:198,0
DA:199,0
DA:203,0
DA:204,0
DA:207,0
DA:210,0
DA:211,0
DA:213,0
DA:215,0
DA:216,0
DA:217,0
DA:218,0
DA:222,0
DA:223,0
DA:224,0
DA:225,0
DA:228,0
DA:229,0
DA:230,0
DA:234,0
DA:235,0
DA:236,0
DA:240,0
DA:241,0
DA:242,0
DA:243,0
DA:246,0
DA:247,0
DA:248,0
DA:254,0
DA:255,0
DA:257,0
DA:258,0
DA:259,0
DA:260,0
DA:261,0
DA:262,0
DA:263,0
DA:264,0
DA:265,0
DA:266,0
DA:267,0
DA:268,0
DA:269,0
LF:128
LH:1
end_of_record
SF:lib/presentation/global_widgets/custom_text_field.dart
DA:25,0
DA:43,0
DA:45,0
DA:47,0
DA:48,0
DA:49,0
DA:50,0
DA:51,0
DA:57,0
DA:58,0
DA:59,0
DA:60,0
DA:61,0
DA:62,0
DA:63,0
DA:65,0
DA:66,0
DA:67,0
DA:68,0
DA:70,0
DA:71,0
DA:73,0
DA:74,0
DA:75,0
DA:76,0
DA:78,0
DA:81,0
DA:109,0
LF:28
LH:0
end_of_record
SF:lib/presentation/global_widgets/dialogs_widgets/dialogs_snackBar.dart
DA:10,0
DA:15,0
DA:16,0
DA:22,0
DA:24,0
DA:30,0
DA:31,0
DA:32,0
DA:36,0
DA:43,0
DA:45,0
DA:46,0
DA:49,0
DA:50,0
DA:57,0
DA:58,0
DA:63,0
DA:64,0
DA:65,0
DA:70,0
DA:71,0
LF:21
LH:0
end_of_record
SF:lib/presentation/explore/widgets/filter_spacer_widget.dart
DA:6,2
DA:8,0
DA:10,0
LF:3
LH:1
end_of_record
SF:lib/presentation/explore/widgets/handle_widget.dart
DA:6,2
DA:8,0
DA:10,0
DA:12,0
DA:14,0
DA:15,0
DA:20,0
DA:22,0
LF:8
LH:1
end_of_record
SF:lib/presentation/explore/widgets/property_service_filter_widget.dart
DA:6,0
DA:8,0
DA:11,0
DA:13,0
DA:15,0
DA:16,0
DA:18,0
DA:20,0
DA:23,0
DA:24,0
DA:25,0
DA:26,0
DA:27,0
DA:28,0
DA:30,0
DA:31,0
DA:32,0
LF:17
LH:0
end_of_record
SF:lib/presentation/explore/widgets/property_type_filter_widget.dart
DA:6,0
DA:8,0
DA:11,0
DA:13,0
DA:15,0
DA:16,0
DA:18,0
DA:20,0
DA:23,0
DA:24,0
DA:25,0
DA:26,0
DA:27,0
DA:28,0
DA:30,0
DA:31,0
DA:32,0
LF:17
LH:0
end_of_record
SF:lib/presentation/explore/widgets/search_text_field.dart
DA:7,0
DA:12,0
DA:18,0
DA:20,0
DA:23,0
DA:25,0
DA:26,0
DA:27,0
DA:28,0
DA:29,0
DA:30,0
DA:33,0
DA:34,0
DA:35,0
DA:41,0
DA:42,0
DA:53,0
DA:54,0
DA:55,0
DA:61,0
DA:62,0
DA:63,0
DA:64,0
DA:65,0
DA:75,0
DA:77,0
DA:81,0
DA:83,0
DA:87,0
DA:89,0
DA:94,0
DA:96,0
LF:32
LH:0
end_of_record
SF:lib/presentation/explore/widgets/sliverAppBarWidgetWithSearch.dart
DA:8,0
DA:12,0
DA:17,0
DA:19,0
DA:24,0
DA:26,0
DA:29,0
DA:31,0
DA:32,0
DA:33,0
DA:40,0
DA:41,0
DA:43,0
DA:48,0
DA:49,0
DA:50,0
DA:51,0
DA:52,0
DA:53,0
DA:55,0
DA:56,0
DA:57,0
DA:59,0
DA:60,0
DA:61,0
DA:62,0
DA:71,0
LF:27
LH:0
end_of_record
SF:lib/presentation/explore/widgets/sorts_filter_widget.dart
DA:8,0
DA:12,0
DA:14,0
DA:15,0
DA:18,0
DA:20,0
DA:23,0
DA:26,0
DA:27,0
DA:30,0
DA:32,0
DA:33,0
DA:34,0
DA:37,0
DA:38,0
DA:39,0
DA:40,0
DA:41,0
DA:42,0
DA:43,0
DA:46,0
DA:47,0
DA:48,0
LF:23
LH:0
end_of_record
SF:lib/presentation/global_widgets/property_widgets/property_list_view.dart
DA:9,0
DA:14,0
DA:15,0
DA:19,0
DA:21,0
DA:24,0
DA:26,0
DA:29,0
DA:31,0
DA:32,0
DA:33,0
DA:34,0
DA:35,0
DA:36,0
DA:37,0
DA:38,0
DA:39,0
DA:41,0
DA:42,0
DA:43,0
DA:44,0
DA:46,0
DA:47,0
DA:48,0
DA:49,0
LF:25
LH:0
end_of_record
SF:lib/presentation/global_widgets/property_widgets/property_shimmer.dart
DA:6,0
DA:8,0
DA:9,0
DA:11,0
DA:12,0
DA:13,0
DA:14,0
DA:15,0
DA:16,0
DA:17,0
DA:18,0
DA:19,0
DA:20,0
DA:22,0
DA:24,0
DA:25,0
DA:26,0
DA:29,0
DA:31,0
DA:32,0
DA:37,0
DA:38,0
DA:39,0
DA:40,0
DA:41,0
DA:42,0
DA:51,0
DA:57,0
LF:28
LH:0
end_of_record
SF:lib/presentation/global_widgets/phone_number_field.dart
DA:6,0
DA:10,0
DA:15,0
DA:17,0
DA:23,0
DA:24,0
DA:30,0
DA:31,0
DA:34,0
LF:9
LH:0
end_of_record
SF:lib/presentation/global_widgets/property_widgets/property_card.dart
DA:11,0
DA:14,0
DA:16,0
DA:18,0
DA:19,0
DA:20,0
DA:21,0
DA:22,0
DA:23,0
DA:24,0
DA:25,0
DA:26,0
DA:27,0
DA:29,0
DA:31,0
DA:32,0
DA:34,0
DA:35,0
DA:36,0
DA:37,0
DA:38,0
DA:39,0
DA:41,0
DA:46,0
DA:47,0
DA:49,0
DA:51,0
DA:53,0
DA:54,0
DA:55,0
DA:56,0
DA:57,0
DA:60,0
DA:61,0
DA:62,0
DA:74,0
DA:75,0
DA:78,0
DA:80,0
DA:82,0
DA:83,0
DA:84,0
DA:85,0
DA:86,0
DA:87,0
DA:88,0
DA:93,0
DA:95,0
DA:96,0
DA:98,0
DA:100,0
DA:101,0
DA:102,0
DA:103,0
DA:104,0
DA:105,0
DA:106,0
DA:111,0
DA:113,0
DA:120,0
DA:123,0
DA:124,0
DA:125,0
DA:126,0
DA:127,0
DA:129,0
DA:131,0
DA:132,0
DA:133,0
DA:134,0
LF:70
LH:0
end_of_record
SF:lib/presentation/login_screen/login_screen.dart
DA:15,1
DA:17,0
DA:18,0
DA:22,0
DA:27,0
DA:29,0
DA:30,0
DA:31,0
DA:33,0
DA:34,0
DA:35,0
DA:36,0
DA:38,0
DA:39,0
DA:41,0
DA:46,0
DA:48,0
DA:49,0
DA:51,0
DA:52,0
DA:53,0
DA:54,0
DA:55,0
DA:56,0
DA:57,0
DA:58,0
DA:60,0
DA:61,0
DA:62,0
DA:63,0
DA:65,0
DA:66,0
DA:67,0
DA:69,0
DA:70,0
DA:74,0
DA:76,0
DA:78,0
DA:79,0
DA:81,0
DA:82,0
DA:83,0
DA:90,0
DA:91,0
DA:92,0
DA:93,0
DA:98,0
DA:101,0
DA:103,0
DA:104,0
DA:106,0
DA:107,0
DA:108,0
DA:110,0
DA:111,0
DA:112,0
DA:121,0
DA:124,0
DA:125,0
DA:126,0
DA:127,0
DA:129,0
DA:132,0
DA:133,0
DA:134,0
DA:135,0
DA:136,0
DA:137,0
DA:138,0
DA:140,0
DA:141,0
DA:145,0
DA:147,0
DA:149,0
DA:150,0
DA:151,0
DA:152,0
DA:154,0
DA:155,0
DA:156,0
DA:157,0
DA:158,0
DA:159,0
DA:168,0
DA:169,0
DA:170,0
DA:171,0
DA:172,0
DA:173,0
DA:174,0
DA:175,0
DA:176,0
DA:177,0
DA:178,0
DA:185,0
DA:186,0
DA:187,0
DA:188,0
DA:190,0
DA:192,0
DA:194,0
DA:195,0
DA:196,0
DA:197,0
DA:199,0
DA:200,0
DA:201,0
DA:202,0
DA:203,0
DA:204,0
LF:110
LH:1
end_of_record
SF:lib/presentation/map_location_square_widget/map_location_widget.dart
DA:10,0
DA:14,0
DA:15,0
DA:21,0
DA:23,0
DA:24,0
DA:26,0
DA:28,0
DA:30,0
DA:31,0
DA:32,0
DA:33,0
DA:36,0
DA:37,0
DA:38,0
DA:39,0
DA:40,0
DA:42,0
DA:45,0
DA:46,0
DA:47,0
DA:50,0
DA:51,0
LF:23
LH:0
end_of_record
SF:lib/presentation/map_screen/widgets/propertyService_filter_scroll.dart
DA:6,0
DA:8,0
DA:12,0
DA:14,0
DA:18,0
DA:20,0
DA:21,0
DA:22,0
DA:23,0
DA:25,0
DA:26,0
DA:28,0
DA:30,0
DA:33,0
DA:37,0
DA:38,0
DA:39,0
DA:41,0
DA:44,0
DA:45,0
DA:46,0
DA:49,0
DA:54,0
DA:55,0
DA:56,0
DA:57,0
DA:60,0
DA:63,0
DA:64,0
DA:65,0
DA:68,0
LF:31
LH:0
end_of_record
SF:lib/presentation/map_screen/widgets/propertyType_filter_widget.dart
DA:6,0
DA:8,0
DA:12,0
DA:14,0
DA:18,0
DA:20,0
DA:21,0
DA:22,0
DA:23,0
DA:25,0
DA:26,0
DA:28,0
DA:30,0
DA:33,0
DA:37,0
DA:41,0
DA:44,0
DA:45,0
DA:46,0
DA:49,0
DA:54,0
DA:55,0
DA:56,0
DA:57,0
DA:60,0
DA:63,0
DA:64,0
DA:65,0
DA:68,0
LF:29
LH:0
end_of_record
SF:lib/presentation/more/widgets/MyProfileItem.dart
DA:7,0
DA:15,0
DA:23,0
DA:24,0
DA:31,0
DA:32,0
DA:33,0
DA:34,0
DA:35,0
DA:36,0
DA:38,0
DA:39,0
DA:40,0
DA:43,0
DA:44,0
DA:45,0
DA:46,0
DA:47,0
DA:48,0
DA:49,0
DA:50,0
DA:53,0
DA:54,0
DA:58,0
DA:60,0
DA:61,0
DA:62,0
DA:67,0
DA:68,0
DA:70,0
DA:71,0
DA:72,0
DA:73,0
DA:74,0
DA:75,0
DA:76,0
DA:77,0
DA:80,0
DA:81,0
DA:82,0
DA:83,0
LF:41
LH:0
end_of_record
SF:lib/presentation/notifications/notifications.dart
DA:9,0
DA:12,0
DA:13,0
DA:17,0
DA:20,0
DA:21,0
DA:23,0
DA:25,0
DA:26,0
DA:27,0
DA:34,0
DA:36,0
DA:37,0
DA:38,0
DA:39,0
DA:42,0
LF:16
LH:0
end_of_record
SF:lib/presentation/notifications/widgets/notifications_list.dart
DA:14,0
DA:16,0
DA:17,0
DA:23,0
DA:25,0
DA:26,0
DA:27,0
DA:28,0
DA:29,0
DA:30,0
DA:35,0
DA:38,0
DA:39,0
DA:40,0
DA:41,0
DA:44,0
DA:46,0
DA:47,0
DA:48,0
DA:49,0
DA:50,0
DA:51,0
DA:52,0
DA:53,0
DA:54,0
DA:55,0
DA:56,0
DA:57,0
DA:58,0
DA:59,0
DA:60,0
DA:64,0
DA:65,0
DA:66,0
DA:67,0
DA:68,0
DA:69,0
DA:70,0
DA:72,0
DA:73,0
DA:74,0
DA:75,0
DA:76,0
DA:87,0
DA:88,0
DA:90,0
DA:91,0
DA:98,0
DA:99,0
DA:104,0
DA:105,0
DA:106,0
DA:109,0
DA:110,0
DA:111,0
DA:112,0
DA:116,0
DA:117,0
DA:118,0
DA:119,0
DA:120,0
DA:121,0
DA:122,0
DA:124,0
DA:125,0
DA:126,0
DA:127,0
DA:128,0
DA:139,0
DA:140,0
DA:142,0
DA:143,0
DA:151,0
DA:152,0
DA:153,0
DA:154,0
DA:155,0
DA:164,0
DA:166,0
DA:170,0
DA:172,0
DA:173,0
DA:175,0
DA:176,0
DA:178,0
DA:180,0
DA:181,0
DA:182,0
DA:183,0
DA:184,0
DA:185,0
DA:186,0
DA:188,0
DA:189,0
DA:190,0
DA:191,0
DA:192,0
DA:203,0
DA:204,0
DA:206,0
DA:207,0
DA:208,0
DA:209,0
LF:103
LH:0
end_of_record
SF:lib/presentation/policy/policy.dart
DA:5,0
DA:9,0
DA:10,0
DA:16,0
DA:17,0
DA:18,0
DA:22,0
DA:24,0
DA:25,0
DA:26,0
DA:27,0
DA:28,0
DA:29,0
DA:30,0
DA:31,0
DA:38,0
DA:39,0
DA:40,0
DA:42,0
DA:46,0
LF:20
LH:0
end_of_record
SF:lib/presentation/promote_to_agency/add_agency_location.dart
DA:16,1
DA:17,0
DA:18,0
DA:26,0
DA:33,0
DA:35,0
DA:37,0
DA:39,0
DA:40,0
DA:41,0
DA:42,0
DA:43,0
DA:45,0
DA:50,0
DA:54,0
DA:57,0
DA:58,0
DA:60,0
DA:63,0
DA:64,0
DA:65,0
DA:66,0
DA:68,0
DA:73,0
DA:74,0
DA:75,0
DA:78,0
DA:79,0
DA:82,0
DA:85,0
DA:90,0
DA:91,0
DA:92,0
DA:93,0
DA:94,0
DA:95,0
DA:97,0
DA:100,0
DA:102,0
DA:103,0
DA:106,0
DA:108,0
DA:109,0
DA:110,0
DA:111,0
DA:113,0
DA:114,0
DA:115,0
DA:123,0
DA:126,0
DA:127,0
DA:128,0
DA:130,0
DA:131,0
DA:135,0
DA:136,0
DA:137,0
DA:139,0
DA:140,0
DA:142,0
DA:143,0
DA:144,0
DA:145,0
DA:147,0
DA:149,0
DA:154,0
DA:155,0
DA:157,0
DA:158,0
DA:159,0
DA:160,0
DA:161,0
DA:162,0
DA:163,0
DA:164,0
DA:165,0
DA:169,0
DA:170,0
DA:174,0
DA:176,0
DA:177,0
DA:178,0
DA:179,0
DA:180,0
LF:84
LH:1
end_of_record
SF:lib/presentation/promote_to_agency/promote_to_agency.dart
DA:22,1
DA:24,0
DA:25,0
DA:33,0
DA:35,0
DA:36,0
DA:38,0
DA:43,0
DA:44,0
DA:45,0
DA:49,0
DA:51,0
DA:57,0
DA:59,0
DA:62,0
DA:65,0
DA:67,0
DA:68,0
DA:70,0
DA:71,0
DA:72,0
DA:73,0
DA:75,0
DA:80,0
DA:82,0
DA:84,0
DA:85,0
DA:86,0
DA:93,0
DA:94,0
DA:95,0
DA:96,0
DA:97,0
DA:98,0
DA:101,0
DA:102,0
DA:103,0
DA:104,0
DA:105,0
DA:106,0
DA:107,0
DA:108,0
DA:109,0
DA:110,0
DA:111,0
DA:112,0
DA:114,0
DA:115,0
DA:116,0
DA:117,0
DA:118,0
DA:123,0
DA:124,0
DA:126,0
DA:128,0
DA:129,0
DA:131,0
DA:132,0
DA:134,0
DA:135,0
DA:136,0
DA:138,0
DA:139,0
DA:140,0
DA:141,0
DA:145,0
DA:146,0
DA:147,0
DA:148,0
DA:149,0
DA:150,0
DA:151,0
DA:153,0
DA:155,0
DA:156,0
DA:157,0
DA:159,0
DA:161,0
DA:162,0
DA:169,0
DA:178,0
DA:180,0
DA:181,0
DA:182,0
DA:184,0
DA:185,0
DA:192,0
DA:200,0
DA:201,0
DA:202,0
DA:203,0
DA:204,0
DA:205,0
DA:206,0
DA:207,0
DA:208,0
DA:209,0
DA:210,0
DA:211,0
DA:212,0
DA:213,0
DA:214,0
DA:215,0
DA:216,0
DA:217,0
DA:218,0
LF:106
LH:1
end_of_record
SF:lib/presentation/promote_to_agency/widgets/files_list.dart
DA:9,0
DA:10,0
DA:14,0
DA:15,0
DA:19,0
DA:21,0
DA:22,0
DA:23,0
DA:31,0
DA:32,0
DA:33,0
DA:34,0
DA:35,0
DA:36,0
DA:37,0
DA:38,0
DA:39,0
DA:40,0
DA:41,0
DA:42,0
DA:47,0
DA:48,0
DA:49,0
DA:50,0
DA:55,0
DA:58,0
DA:59,0
DA:60,0
DA:61,0
LF:29
LH:0
end_of_record
SF:lib/presentation/promote_to_agency/welcome_to_promote.dart
DA:15,1
DA:17,0
DA:18,0
DA:22,0
DA:23,0
DA:26,0
DA:29,0
DA:30,0
DA:31,0
DA:33,0
DA:35,0
DA:36,0
DA:37,0
DA:45,0
DA:46,0
DA:47,0
DA:48,0
DA:49,0
DA:50,0
DA:52,0
DA:53,0
DA:54,0
DA:55,0
DA:60,0
DA:61,0
DA:62,0
DA:63,0
DA:64,0
DA:66,0
DA:67,0
DA:70,0
DA:71,0
DA:72,0
DA:74,0
DA:75,0
DA:76,0
DA:77,0
DA:82,0
DA:84,0
DA:85,0
DA:89,0
DA:90,0
DA:92,0
DA:113,0
DA:114,0
DA:115,0
DA:117,0
DA:118,0
DA:129,0
DA:130,0
DA:131,0
DA:132,0
DA:133,0
DA:134,0
DA:138,0
DA:139,0
DA:140,0
DA:141,0
DA:142,0
DA:143,0
DA:144,0
DA:145,0
DA:146,0
DA:147,0
DA:148,0
DA:152,0
DA:153,0
DA:155,0
DA:156,0
DA:161,0
DA:162,0
LF:71
LH:1
end_of_record
SF:lib/presentation/review_property/review_property_screen.dart
DA:13,0
DA:14,0
DA:18,0
DA:20,0
DA:21,0
DA:22,0
DA:23,0
DA:24,0
DA:25,0
DA:27,0
DA:32,0
DA:33,0
DA:34,0
DA:36,0
DA:37,0
DA:38,0
DA:39,0
DA:41,0
DA:42,0
DA:43,0
DA:44,0
DA:45,0
DA:46,0
DA:47,0
DA:49,0
DA:50,0
DA:52,0
DA:54,0
DA:55,0
DA:57,0
DA:58,0
DA:60,0
DA:62,0
DA:66,0
DA:68,0
DA:70,0
DA:71,0
DA:72,0
DA:74,0
DA:76,0
DA:78,0
DA:79,0
DA:80,0
DA:81,0
DA:86,0
DA:88,0
DA:89,0
DA:90,0
DA:91,0
DA:94,0
DA:95,0
DA:96,0
DA:98,0
DA:99,0
DA:103,0
DA:104,0
DA:105,0
DA:107,0
DA:108,0
DA:112,0
DA:113,0
DA:114,0
DA:116,0
DA:117,0
DA:120,0
DA:121,0
DA:128,0
DA:132,0
DA:134,0
DA:141,0
DA:142,0
DA:145,0
DA:146,0
DA:153,0
DA:164,0
DA:166,0
DA:167,0
DA:168,0
DA:170,0
DA:171,0
DA:173,0
DA:174,0
DA:175,0
DA:176,0
LF:84
LH:0
end_of_record
SF:lib/presentation/view_property/widgets/property_rating.dart
DA:5,2
DA:7,0
DA:8,0
DA:14,0
DA:16,0
DA:17,0
DA:22,0
DA:27,0
DA:31,0
DA:32,0
DA:33,0
LF:11
LH:1
end_of_record
SF:lib/presentation/view_property/widgets/spacing.dart
DA:6,3
DA:8,0
DA:10,0
DA:11,0
DA:12,0
DA:13,0
DA:14,0
DA:20,0
DA:21,0
LF:9
LH:1
end_of_record
SF:lib/presentation/signup/signup.dart
DA:16,1
DA:20,0
DA:21,0
DA:25,0
DA:34,0
DA:36,0
DA:37,0
DA:38,0
DA:41,0
DA:43,0
DA:44,0
DA:46,0
DA:47,0
DA:48,0
DA:49,0
DA:50,0
DA:51,0
DA:52,0
DA:53,0
DA:55,0
DA:56,0
DA:57,0
DA:58,0
DA:60,0
DA:61,0
DA:62,0
DA:64,0
DA:65,0
DA:67,0
DA:69,0
DA:70,0
DA:73,0
DA:74,0
DA:75,0
DA:76,0
DA:77,0
DA:82,0
DA:85,0
DA:86,0
DA:87,0
DA:92,0
DA:93,0
DA:94,0
DA:95,0
DA:98,0
DA:101,0
DA:104,0
DA:105,0
DA:107,0
DA:108,0
DA:109,0
DA:114,0
DA:117,0
DA:119,0
DA:120,0
DA:122,0
DA:123,0
DA:124,0
DA:126,0
DA:127,0
DA:128,0
DA:136,0
DA:139,0
DA:141,0
DA:142,0
DA:144,0
DA:145,0
DA:146,0
DA:148,0
DA:149,0
DA:157,0
DA:160,0
DA:162,0
DA:163,0
DA:164,0
DA:165,0
DA:169,0
DA:170,0
DA:171,0
DA:172,0
DA:175,0
DA:176,0
DA:177,0
DA:181,0
DA:182,0
DA:183,0
DA:187,0
DA:188,0
DA:189,0
DA:190,0
DA:193,0
DA:194,0
DA:195,0
DA:201,0
DA:202,0
DA:203,0
DA:204,0
DA:205,0
DA:206,0
DA:207,0
DA:209,0
DA:211,0
DA:212,0
DA:213,0
DA:214,0
DA:215,0
DA:216,0
DA:222,0
DA:223,0
DA:224,0
DA:225,0
DA:227,0
DA:229,0
DA:230,0
DA:231,0
DA:232,0
DA:234,0
DA:235,0
DA:236,0
DA:237,0
DA:238,0
DA:239,0
DA:244,0
DA:245,0
DA:246,0
DA:247,0
DA:249,0
DA:251,0
DA:253,0
DA:254,0
DA:255,0
DA:256,0
DA:258,0
DA:259,0
DA:260,0
DA:261,0
DA:262,0
DA:263,0
LF:138
LH:1
end_of_record
SF:lib/presentation/splash_screen/splash_screen.dart
DA:9,1
DA:11,0
DA:12,0
DA:18,0
DA:20,0
DA:23,0
DA:25,0
DA:26,0
DA:27,0
DA:28,0
DA:29,0
DA:31,0
DA:32,0
DA:35,0
DA:36,0
DA:37,0
LF:16
LH:1
end_of_record
SF:lib/presentation/verification_screen/code_verification_screen.dart
DA:16,0
DA:17,0
DA:20,0
DA:22,0
DA:27,0
DA:35,0
DA:37,0
DA:38,0
DA:39,0
DA:42,0
DA:44,0
DA:45,0
DA:47,0
DA:48,0
DA:49,0
DA:50,0
DA:51,0
DA:52,0
DA:54,0
DA:55,0
DA:57,0
DA:62,0
DA:63,0
DA:64,0
DA:65,0
DA:66,0
DA:67,0
DA:68,0
DA:69,0
DA:70,0
DA:71,0
DA:74,0
DA:75,0
DA:76,0
DA:77,0
DA:78,0
DA:80,0
DA:82,0
DA:83,0
DA:84,0
DA:85,0
DA:87,0
DA:88,0
DA:89,0
DA:90,0
DA:92,0
DA:93,0
DA:97,0
DA:100,0
DA:101,0
DA:104,0
DA:105,0
DA:107,0
DA:108,0
DA:110,0
DA:111,0
DA:112,0
DA:113,0
DA:114,0
DA:115,0
DA:117,0
DA:118,0
DA:119,0
DA:121,0
DA:126,0
DA:127,0
DA:129,0
DA:132,0
DA:133,0
DA:134,0
DA:135,0
DA:136,0
DA:138,0
DA:139,0
DA:140,0
DA:143,0
DA:144,0
DA:147,0
DA:148,0
DA:149,0
DA:150,0
DA:153,0
DA:154,0
LF:83
LH:0
end_of_record
SF:lib/presentation/verification_screen/widgets/pinInutWidget.dart
DA:14,0
DA:16,0
DA:17,0
DA:20,0
DA:22,0
DA:27,0
DA:29,0
DA:30,0
DA:33,0
DA:35,0
LF:10
LH:0
end_of_record
SF:lib/presentation/view_property/view_property.dart
DA:27,0
DA:31,0
DA:33,0
DA:35,0
DA:37,0
DA:39,0
DA:41,0
DA:43,0
DA:49,0
DA:53,0
DA:54,0
DA:55,0
DA:56,0
DA:57,0
DA:58,0
DA:59,0
DA:60,0
DA:61,0
DA:62,0
DA:63,0
DA:66,0
DA:68,0
DA:70,0
DA:71,0
DA:72,0
DA:73,0
DA:74,0
DA:77,0
DA:78,0
DA:79,0
DA:80,0
DA:81,0
DA:82,0
DA:83,0
DA:85,0
DA:86,0
DA:87,0
DA:88,0
DA:90,0
DA:91,0
DA:93,0
DA:94,0
DA:96,0
DA:98,0
DA:102,0
DA:104,0
DA:106,0
DA:107,0
DA:108,0
DA:109,0
DA:110,0
DA:112,0
DA:114,0
DA:115,0
DA:116,0
DA:117,0
DA:122,0
DA:123,0
DA:124,0
DA:125,0
DA:126,0
DA:127,0
DA:130,0
DA:131,0
DA:132,0
DA:134,0
DA:135,0
DA:137,0
DA:138,0
DA:139,0
DA:140,0
DA:141,0
DA:143,0
DA:144,0
DA:146,0
DA:148,0
DA:149,0
DA:150,0
DA:152,0
DA:153,0
DA:155,0
DA:156,0
DA:160,0
DA:161,0
DA:162,0
DA:163,0
DA:165,0
DA:166,0
DA:168,0
DA:169,0
DA:170,0
DA:171,0
DA:173,0
DA:186,0
DA:187,0
DA:188,0
DA:189,0
DA:191,0
DA:192,0
DA:194,0
DA:195,0
DA:196,0
DA:197,0
DA:198,0
DA:200,0
DA:201,0
DA:202,0
DA:204,0
DA:206,0
DA:214,0
DA:215,0
DA:216,0
DA:218,0
DA:219,0
DA:220,0
DA:221,0
DA:223,0
DA:224,0
DA:226,0
DA:227,0
DA:228,0
DA:235,0
DA:239,0
DA:241,0
DA:248,0
DA:249,0
DA:252,0
DA:253,0
DA:254,0
DA:261,0
DA:268,0
DA:269,0
DA:272,0
DA:274,0
DA:275,0
DA:276,0
DA:277,0
DA:278,0
DA:281,0
DA:282,0
DA:283,0
DA:284,0
DA:287,0
DA:294,0
DA:295,0
DA:296,0
DA:297,0
DA:298,0
DA:299,0
DA:301,0
DA:302,0
DA:305,0
DA:309,0
DA:310,0
DA:311,0
DA:312,0
LF:156
LH:0
end_of_record
SF:lib/presentation/view_property/widgets/user_info_part.dart
DA:14,0
DA:17,0
DA:20,0
DA:21,0
DA:22,0
DA:24,0
DA:25,0
DA:29,0
DA:33,0
DA:34,0
DA:36,0
DA:41,0
DA:43,0
DA:44,0
DA:45,0
DA:47,0
DA:49,0
DA:50,0
DA:51,0
DA:53,0
DA:54,0
DA:56,0
DA:58,0
DA:59,0
DA:60,0
DA:61,0
DA:62,0
DA:63,0
DA:64,0
DA:65,0
DA:71,0
DA:73,0
DA:81,0
DA:82,0
DA:83,0
DA:85,0
DA:86,0
DA:88,0
DA:91,0
DA:97,0
DA:98,0
DA:99,0
DA:101,0
DA:107,0
DA:108,0
DA:109,0
DA:111,0
DA:112,0
DA:114,0
DA:119,0
DA:122,0
DA:138,0
DA:143,0
DA:149,0
DA:151,0
DA:152,0
DA:153,0
DA:154,0
DA:155,0
DA:156,0
DA:158,0
DA:161,0
DA:163,0
DA:164,0
DA:165,0
DA:166,0
DA:167,0
DA:168,0
DA:171,0
DA:172,0
DA:173,0
DA:174,0
DA:175,0
DA:176,0
DA:177,0
LF:75
LH:0
end_of_record
SF:lib/presentation/view_property/widgets/view_property_amenities.dart
DA:9,0
DA:12,0
DA:14,0
DA:15,0
DA:16,0
DA:18,0
DA:25,0
DA:27,0
DA:28,0
DA:29,0
DA:31,0
DA:34,0
DA:36,0
DA:37,0
DA:38,0
DA:39,0
DA:40,0
DA:41,0
DA:46,0
DA:47,0
DA:48,0
DA:49,0
DA:50,0
DA:51,0
DA:52,0
DA:56,0
DA:57,0
DA:58,0
DA:59,0
DA:60,0
DA:61,0
DA:62,0
LF:32
LH:0
end_of_record
SF:lib/presentation/view_property/widgets/view_property_attributes.dart
DA:6,0
DA:7,0
DA:9,0
DA:11,0
DA:12,0
DA:13,0
DA:14,0
DA:15,0
DA:16,0
DA:17,0
DA:19,0
DA:20,0
DA:21,0
DA:25,0
LF:14
LH:0
end_of_record
SF:lib/presentation/view_property/widgets/view_property_images.dart
DA:9,0
DA:11,0
DA:15,0
DA:16,0
DA:22,0
DA:24,0
DA:25,0
DA:26,0
DA:29,0
DA:31,0
DA:32,0
DA:34,0
DA:35,0
DA:37,0
DA:39,0
DA:40,0
DA:47,0
DA:48,0
DA:49,0
DA:54,0
DA:57,0
DA:58,0
DA:61,0
DA:63,0
DA:65,0
DA:66,0
DA:67,0
DA:68,0
DA:69,0
DA:70,0
DA:73,0
DA:76,0
DA:77,0
DA:78,0
DA:79,0
DA:80,0
DA:82,0
DA:83,0
DA:84,0
DA:85,0
LF:40
LH:0
end_of_record
SF:lib/presentation/view_property/widgets/google_maps_street_view.dart
DA:6,0
DA:9,0
DA:10,0
DA:16,0
DA:18,0
DA:19,0
DA:21,0
DA:22,0
DA:23,0
DA:25,0
DA:27,0
DA:29,0
DA:30,0
DA:33,0
DA:34,0
DA:35,0
LF:16
LH:0
end_of_record
SF:lib/presentation/view_property/widgets/images_staggered_view.dart
DA:11,0
DA:14,0
DA:16,0
DA:18,0
DA:19,0
DA:20,0
DA:21,0
DA:26,0
DA:33,0
DA:34,0
DA:35,0
DA:36,0
DA:37,0
DA:38,0
DA:39,0
DA:41,0
DA:46,0
DA:47,0
DA:48,0
DA:50,0
DA:52,0
DA:53,0
DA:68,0
DA:73,0
DA:75,0
DA:76,0
DA:77,0
DA:78,0
DA:79,0
DA:80,0
DA:81,0
DA:82,0
DA:83,0
DA:86,0
DA:87,0
DA:88,0
DA:89,0
DA:90,0
DA:91,0
DA:95,0
DA:97,0
DA:98,0
DA:101,0
DA:102,0
DA:104,0
DA:105,0
DA:106,0
LF:47
LH:0
end_of_record
SF:lib/presentation/view_property/widgets/virtual_reality_screen_view.dart
DA:8,1
DA:10,0
DA:11,0
DA:17,0
DA:19,0
DA:23,0
DA:24,0
DA:25,0
DA:26,0
DA:28,0
DA:30,0
DA:32,0
DA:34,0
DA:35,0
DA:38,0
DA:39,0
DA:40,0
LF:17
LH:1
end_of_record
SF:lib/presentation/welcome/welcome.dart
DA:10,1
DA:12,0
DA:14,0
DA:15,0
DA:17,0
DA:18,0
DA:19,0
DA:20,0
DA:21,0
DA:22,0
DA:25,0
DA:26,0
DA:30,0
DA:31,0
DA:32,0
DA:33,0
DA:34,0
DA:35,0
DA:36,0
DA:37,0
DA:38,0
DA:39,0
DA:40,0
DA:41,0
DA:42,0
DA:43,0
DA:44,0
DA:45,0
DA:46,0
DA:47,0
DA:48,0
DA:49,0
DA:50,0
DA:51,0
DA:52,0
DA:55,0
DA:57,0
DA:58,0
DA:59,0
DA:60,0
DA:67,0
DA:68,0
DA:69,0
DA:70,0
DA:72,0
DA:74,0
DA:75,0
DA:76,0
DA:77,0
DA:78,0
DA:79,0
DA:81,0
DA:82,0
DA:83,0
DA:84,0
DA:85,0
DA:96,0
DA:97,0
DA:98,0
DA:100,0
DA:103,0
DA:104,0
DA:106,0
DA:107,0
DA:109,0
LF:65
LH:1
end_of_record
